<?xml version="1.0" encoding="UTF-8"?>
<!-- Generated by org.testng.reporters.JUnitReportReporter -->
<testsuite hostname="Neeshu-SB" failures="0" tests="1" name="TestCases.IndiaDataScrapping" time="146.061" errors="0" timestamp="2022-05-13T10:14:24 PDT" skipped="0">
  <testcase classname="TestCases.IndiaDataScrapping" name="ScrapData" time="146.061"/>
  <system-out/>
</testsuite> <!-- TestCases.IndiaDataScrapping -->
