<?xml version="1.0" encoding="UTF-8"?>
<!-- Generated by org.testng.reporters.JUnitReportReporter -->
<testsuite hostname="Neeshu-SB" failures="0" tests="1" name="TestCases.MissionHumanScrapper" time="245.446" errors="0" timestamp="2022-05-11T15:19:04 PDT" skipped="0">
  <testcase classname="TestCases.MissionHumanScrapper" name="ScrappingData" time="245.446"/>
  <system-out/>
</testsuite> <!-- TestCases.MissionHumanScrapper -->
