<?xml version="1.0" encoding="UTF-8"?>
<!-- Generated by org.testng.reporters.JUnitReportReporter -->
<testsuite hostname="Neeshu-SB" failures="0" tests="1" name="TestCases.WestBengalDataScrapping" time="378.976" errors="0" timestamp="2022-05-13T09:52:23 PDT" skipped="0">
  <testcase classname="TestCases.WestBengalDataScrapping" name="ScrappingData" time="378.976"/>
  <system-out/>
</testsuite> <!-- TestCases.WestBengalDataScrapping -->
